Build started 26/07/2019 9:02:06 AM.
     1>Project "C:\Users\Admin\Desktop\CSLT\CSLT\BTH_CHUONG_4\BTH_CHUONG_4.vcxproj" on node 2 (build target(s)).
     1>InitializeBuildStatus:
         Creating "Debug\BTH_CHUONG_4.unsuccessfulbuild" because "AlwaysCreate" was specified.
       ClCompile:
         C:\Program Files (x86)\Microsoft Visual Studio 10.0\VC\bin\CL.exe /c /ZI /nologo /W3 /WX- /Od /Oy- /D _MBCS /Gm /EHsc /RTC1 /MDd /GS /fp:precise /Zc:wchar_t /Zc:forScope /Fo"Debug\\" /Fd"Debug\vc100.pdb" /Gd /TP /analyze- /errorReport:prompt Dec_To_Bin.cpp
         Dec_To_Bin.cpp
     1>c:\users\admin\desktop\cslt\cslt\bth_chuong_4\dec_to_bin.cpp(12): warning C4244: '=' : conversion from 'double' to 'int', possible loss of data
       Link:
         C:\Program Files (x86)\Microsoft Visual Studio 10.0\VC\bin\link.exe /ERRORREPORT:PROMPT /OUT:"C:\Users\Admin\Desktop\CSLT\CSLT\BTH_CHUONG_4\Debug\BTH_CHUONG_4.exe" /NOLOGO kernel32.lib user32.lib gdi32.lib winspool.lib comdlg32.lib advapi32.lib shell32.lib ole32.lib oleaut32.lib uuid.lib odbc32.lib odbccp32.lib /MANIFEST /ManifestFile:"Debug\BTH_CHUONG_4.exe.intermediate.manifest" /MANIFESTUAC:"level='asInvoker' uiAccess='false'" /DEBUG /PDB:"C:\Users\Admin\Desktop\CSLT\CSLT\BTH_CHUONG_4\Debug\BTH_CHUONG_4.pdb" /TLBID:1 /DYNAMICBASE /NXCOMPAT /IMPLIB:"C:\Users\Admin\Desktop\CSLT\CSLT\BTH_CHUONG_4\Debug\BTH_CHUONG_4.lib" /MACHINE:X86 Debug\Bai01.obj
         Debug\Bai02.obj
         Debug\Bai03.obj
         Debug\Bai04.obj
         Debug\Bai05.obj
         Debug\Bai06.obj
         Debug\Bai07.obj
         Debug\Bai08.obj
         Debug\Bai09.obj
         Debug\Bai10.obj
         Debug\Bai11.obj
         Debug\Bai12.obj
         Debug\DecToBin.obj
         Debug\Dec_To_Bin.obj
         LINK : C:\Users\Admin\Desktop\CSLT\CSLT\BTH_CHUONG_4\Debug\BTH_CHUONG_4.exe not found or not built by the last incremental link; performing full link
         BTH_CHUONG_4.vcxproj -> C:\Users\Admin\Desktop\CSLT\CSLT\BTH_CHUONG_4\Debug\BTH_CHUONG_4.exe
       Manifest:
         C:\Program Files (x86)\Microsoft SDKs\Windows\v7.0A\bin\mt.exe /nologo /verbose /outputresource:"C:\Users\Admin\Desktop\CSLT\CSLT\BTH_CHUONG_4\Debug\BTH_CHUONG_4.exe;#1" /manifest Debug\BTH_CHUONG_4.exe.intermediate.manifest
       FinalizeBuildStatus:
         Deleting file "Debug\BTH_CHUONG_4.unsuccessfulbuild".
         Touching "Debug\BTH_CHUONG_4.lastbuildstate".
     1>Done Building Project "C:\Users\Admin\Desktop\CSLT\CSLT\BTH_CHUONG_4\BTH_CHUONG_4.vcxproj" (build target(s)).

Build succeeded.

Time Elapsed 00:00:01.34
