Build started 02/08/2019 9:14:24 AM.
     1>Project "C:\Users\Admin\Desktop\clone\CSLT\BTH_CHUONG_5\BTChuong5\BTChuong5\BTChuong5.vcxproj" on node 2 (build target(s)).
     1>InitializeBuildStatus:
         Creating "Debug\BTChuong5.unsuccessfulbuild" because "AlwaysCreate" was specified.
       ClCompile:
         C:\Program Files (x86)\Microsoft Visual Studio 10.0\VC\bin\CL.exe /c /ZI /nologo /W3 /WX- /Od /Oy- /D _MBCS /Gm /EHsc /RTC1 /MDd /GS /fp:precise /Zc:wchar_t /Zc:forScope /Fo"Debug\\" /Fd"Debug\vc100.pdb" /Gd /TP /analyze- /errorReport:prompt BT12_b.cpp
         BT12_b.cpp
       Link:
         C:\Program Files (x86)\Microsoft Visual Studio 10.0\VC\bin\link.exe /ERRORREPORT:PROMPT /OUT:"C:\Users\Admin\Desktop\clone\CSLT\BTH_CHUONG_5\BTChuong5\Debug\BTChuong5.exe" /NOLOGO kernel32.lib user32.lib gdi32.lib winspool.lib comdlg32.lib advapi32.lib shell32.lib ole32.lib oleaut32.lib uuid.lib odbc32.lib odbccp32.lib /MANIFEST /ManifestFile:"Debug\BTChuong5.exe.intermediate.manifest" /MANIFESTUAC:"level='asInvoker' uiAccess='false'" /DEBUG /PDB:"C:\Users\Admin\Desktop\clone\CSLT\BTH_CHUONG_5\BTChuong5\Debug\BTChuong5.pdb" /TLBID:1 /DYNAMICBASE /NXCOMPAT /IMPLIB:"C:\Users\Admin\Desktop\clone\CSLT\BTH_CHUONG_5\BTChuong5\Debug\BTChuong5.lib" /MACHINE:X86 Debug\BT1.obj
         Debug\BT10.obj
         Debug\BT11.obj
         Debug\BT12_a.obj
         Debug\BT12_b.obj
         Debug\BT2.obj
         Debug\BT3.obj
         Debug\BT4.obj
         Debug\BT5.obj
         Debug\BT6.obj
         Debug\BT7.obj
         Debug\BT8.obj
         Debug\BT9.obj
         LINK : C:\Users\Admin\Desktop\clone\CSLT\BTH_CHUONG_5\BTChuong5\Debug\BTChuong5.exe not found or not built by the last incremental link; performing full link
         BTChuong5.vcxproj -> C:\Users\Admin\Desktop\clone\CSLT\BTH_CHUONG_5\BTChuong5\Debug\BTChuong5.exe
       Manifest:
         C:\Program Files (x86)\Microsoft SDKs\Windows\v7.0A\bin\mt.exe /nologo /verbose /outputresource:"C:\Users\Admin\Desktop\clone\CSLT\BTH_CHUONG_5\BTChuong5\Debug\BTChuong5.exe;#1" /manifest Debug\BTChuong5.exe.intermediate.manifest
       FinalizeBuildStatus:
         Deleting file "Debug\BTChuong5.unsuccessfulbuild".
         Touching "Debug\BTChuong5.lastbuildstate".
     1>Done Building Project "C:\Users\Admin\Desktop\clone\CSLT\BTH_CHUONG_5\BTChuong5\BTChuong5\BTChuong5.vcxproj" (build target(s)).

Build succeeded.

Time Elapsed 00:00:01.16
