C:\USERS\ADMIN\DESKTOP\CLONE\CSLT\BTH_CHUONG_5\BTCHUONG5\BTCHUONG5\DEBUG\BT1.OBJ
C:\USERS\ADMIN\DESKTOP\CLONE\CSLT\BTH_CHUONG_5\BTCHUONG5\BTCHUONG5\DEBUG\BT2.OBJ
C:\USERS\ADMIN\DESKTOP\CLONE\CSLT\BTH_CHUONG_5\BTCHUONG5\BTCHUONG5\DEBUG\BT3.OBJ
C:\USERS\ADMIN\DESKTOP\CLONE\CSLT\BTH_CHUONG_5\BTCHUONG5\BTCHUONG5\DEBUG\BT4.OBJ
C:\USERS\ADMIN\DESKTOP\CLONE\CSLT\BTH_CHUONG_5\BTCHUONG5\BTCHUONG5\DEBUG\BT5.OBJ
C:\USERS\ADMIN\DESKTOP\CLONE\CSLT\BTH_CHUONG_5\BTCHUONG5\BTCHUONG5\DEBUG\BTCHUONG5.EXE.INTERMEDIATE.MANIFEST
C:\Users\Admin\Desktop\clone\CSLT\BTH_CHUONG_5\BTChuong5\BTChuong5\Debug\BTChuong5.vcxprojResolveAssemblyReference.cache
C:\Users\Admin\Desktop\clone\CSLT\BTH_CHUONG_5\BTChuong5\BTChuong5\Debug\BTChuong5.write.1.tlog
C:\Users\Admin\Desktop\clone\CSLT\BTH_CHUONG_5\BTChuong5\BTChuong5\Debug\cl.command.1.tlog
C:\Users\Admin\Desktop\clone\CSLT\BTH_CHUONG_5\BTChuong5\BTChuong5\Debug\CL.read.1.tlog
C:\Users\Admin\Desktop\clone\CSLT\BTH_CHUONG_5\BTChuong5\BTChuong5\Debug\CL.write.1.tlog
C:\Users\Admin\Desktop\clone\CSLT\BTH_CHUONG_5\BTChuong5\BTChuong5\Debug\link.command.1.tlog
C:\Users\Admin\Desktop\clone\CSLT\BTH_CHUONG_5\BTChuong5\BTChuong5\Debug\link.read.1.tlog
C:\Users\Admin\Desktop\clone\CSLT\BTH_CHUONG_5\BTChuong5\BTChuong5\Debug\link.write.1.tlog
C:\Users\Admin\Desktop\clone\CSLT\BTH_CHUONG_5\BTChuong5\BTChuong5\Debug\mt.command.1.tlog
C:\Users\Admin\Desktop\clone\CSLT\BTH_CHUONG_5\BTChuong5\BTChuong5\Debug\mt.read.1.tlog
C:\Users\Admin\Desktop\clone\CSLT\BTH_CHUONG_5\BTChuong5\BTChuong5\Debug\mt.write.1.tlog
C:\Users\Admin\Desktop\clone\CSLT\BTH_CHUONG_5\BTChuong5\BTChuong5\Debug\vc100.idb
C:\USERS\ADMIN\DESKTOP\CLONE\CSLT\BTH_CHUONG_5\BTCHUONG5\BTCHUONG5\DEBUG\VC100.PDB
C:\USERS\ADMIN\DESKTOP\CLONE\CSLT\BTH_CHUONG_5\BTCHUONG5\DEBUG\BTCHUONG5.EXE
C:\USERS\ADMIN\DESKTOP\CLONE\CSLT\BTH_CHUONG_5\BTCHUONG5\DEBUG\BTCHUONG5.ILK
C:\USERS\ADMIN\DESKTOP\CLONE\CSLT\BTH_CHUONG_5\BTCHUONG5\DEBUG\BTCHUONG5.PDB
