Build started 23/08/2019 10:03:52 AM.
     1>Project "C:\Users\Admin\Desktop\clone\CSLT\BTH_CHUONG_7\BTH_CHUONG_7\BTH_CHUONG_7.vcxproj" on node 2 (build target(s)).
     1>InitializeBuildStatus:
         Creating "Debug\BTH_CHUONG_7.unsuccessfulbuild" because "AlwaysCreate" was specified.
       ClCompile:
         C:\Program Files (x86)\Microsoft Visual Studio 10.0\VC\bin\CL.exe /c /ZI /nologo /W3 /WX- /Od /Oy- /D _MBCS /Gm /EHsc /RTC1 /MDd /GS /fp:precise /Zc:wchar_t /Zc:forScope /Fo"Debug\\" /Fd"Debug\vc100.pdb" /Gd /TP /analyze- /errorReport:prompt Bai12.cpp
         Bai12.cpp
       Link:
         C:\Program Files (x86)\Microsoft Visual Studio 10.0\VC\bin\link.exe /ERRORREPORT:PROMPT /OUT:"C:\Users\Admin\Desktop\clone\CSLT\BTH_CHUONG_6\BTH_CHUONG_6\Debug\BTH_CHUONG_7.exe" /NOLOGO kernel32.lib user32.lib gdi32.lib winspool.lib comdlg32.lib advapi32.lib shell32.lib ole32.lib oleaut32.lib uuid.lib odbc32.lib odbccp32.lib /MANIFEST /ManifestFile:"Debug\BTH_CHUONG_7.exe.intermediate.manifest" /MANIFESTUAC:"level='asInvoker' uiAccess='false'" /DEBUG /PDB:"C:\Users\Admin\Desktop\clone\CSLT\BTH_CHUONG_6\BTH_CHUONG_6\Debug\BTH_CHUONG_7.pdb" /TLBID:1 /DYNAMICBASE /NXCOMPAT /IMPLIB:"C:\Users\Admin\Desktop\clone\CSLT\BTH_CHUONG_6\BTH_CHUONG_6\Debug\BTH_CHUONG_7.lib" /MACHINE:X86 Debug\Bai01.obj
         Debug\Bai02.obj
         Debug\Bai03.obj
         Debug\Bai04.obj
         Debug\Bai05.obj
         Debug\Bai06.obj
         Debug\Bai07.obj
         Debug\Bai08.obj
         Debug\Bai09.obj
         Debug\Bai10.obj
         Debug\Bai11.obj
         Debug\Bai12.obj
         LINK : C:\Users\Admin\Desktop\clone\CSLT\BTH_CHUONG_6\BTH_CHUONG_6\Debug\BTH_CHUONG_7.exe not found or not built by the last incremental link; performing full link
         BTH_CHUONG_7.vcxproj -> C:\Users\Admin\Desktop\clone\CSLT\BTH_CHUONG_6\BTH_CHUONG_6\Debug\BTH_CHUONG_7.exe
       Manifest:
         C:\Program Files (x86)\Microsoft SDKs\Windows\v7.0A\bin\mt.exe /nologo /verbose /outputresource:"C:\Users\Admin\Desktop\clone\CSLT\BTH_CHUONG_6\BTH_CHUONG_6\Debug\BTH_CHUONG_7.exe;#1" /manifest Debug\BTH_CHUONG_7.exe.intermediate.manifest
       FinalizeBuildStatus:
         Deleting file "Debug\BTH_CHUONG_7.unsuccessfulbuild".
         Touching "Debug\BTH_CHUONG_7.lastbuildstate".
     1>Done Building Project "C:\Users\Admin\Desktop\clone\CSLT\BTH_CHUONG_7\BTH_CHUONG_7\BTH_CHUONG_7.vcxproj" (build target(s)).

Build succeeded.

Time Elapsed 00:00:01.19
